<?xml version="1.0" encoding="UTF-8"?>
<!-- Generated by org.testng.reporters.JUnitXMLReporter -->
<testsuite hostname="DESKTOP-MP27P43" ignored="0" name="Test" tests="4" failures="0" timestamp="02 May 2022 02:20:12 GMT" time="23.731" errors="0">
  <testcase name="verifyLogin" time="3.142" classname="pom.sample.todaytix2.AppTest"/>
  <testcase name="verifyLoginEnteringInvalidEmail" time="3.829" classname="pom.sample.todaytix2.AppTest"/>
  <testcase name="verifyLoginWithoutEnteringPassword" time="0.986" classname="pom.sample.todaytix2.AppTest"/>
  <testcase name="verifyTitleOfLandingPage" time="0.014" classname="pom.sample.todaytix2.AppTest"/>
</testsuite> <!-- Test -->
